
     Program LD1 v.7.5 starts on 29Jan2026 at  0:19:48 

     This program is part of the open-source Quantum ESPRESSO suite
     for quantum simulation of materials; please cite
         "P. Giannozzi et al., J. Phys.:Condens. Matter 21 395502 (2009);
         "P. Giannozzi et al., J. Phys.:Condens. Matter 29 465901 (2017);
         "P. Giannozzi et al., J. Chem. Phys. 152 154105 (2020);
          URL http://www.quantum-espresso.org", 
     in publications or presentations arising from this work. More details at
     http://www.quantum-espresso.org/quote

     Parallel version (MPI), running on     1 processors

     MPI processes distributed on     1 nodes
     0 MiB available memory on the printing compute node when the environment starts

     Waiting for input...
     Reading input from standard input
     --------------------------- All-electron run ----------------------------

     Li                                                                         

     atomic number is  3.00
     dft =PBE   lsd =0 sic =0 latt =0  beta=0.20 tr2=1.0E-14
     Exchange-correlation= PBE
                           (   1   4   3   4   0   0   0)
     mesh =1589 r(mesh) = 100.02175 a.u. xmin = -7.00 dx = 0.00800
     1 Ry =  13.60569312 eV

     n l     nl                  e(Ry)          e(Ha)          e(eV)
     1 0     1S 1( 2.00)        -3.8109        -1.9055       -51.8501
     2 0     2S 1( 1.00)        -0.2112        -0.1056        -2.8740

     final scf error:  4.2E-15 reached in  19 iterations

     Etot =     -14.902807 Ry,      -7.451403 Ha,    -202.763013 eV

     Ekin =      14.803759 Ry,       7.401879 Ha,     201.415397 eV
     Encl =     -34.196419 Ry,     -17.098209 Ha,    -465.265981 eV
     Eh   =       8.063390 Ry,       4.031695 Ha,     109.708004 eV
     Exc  =      -3.573536 Ry,      -1.786768 Ha,     -48.620434 eV


     normalization and overlap integrals

     s(1S/1S) =  1.000000  <r> =   0.5820  <r2> =    0.4658  r(max) =   0.3611
     s(1S/2S) = -0.000000
     s(2S/2S) =  1.000000  <r> =   3.9075  <r2> =   18.2031  r(max) =   3.1311

     ------------------------ End of All-electron run ------------------------

