
     Program LD1 v.7.5 starts on 29Jan2026 at  0:18:55 

     This program is part of the open-source Quantum ESPRESSO suite
     for quantum simulation of materials; please cite
         "P. Giannozzi et al., J. Phys.:Condens. Matter 21 395502 (2009);
         "P. Giannozzi et al., J. Phys.:Condens. Matter 29 465901 (2017);
         "P. Giannozzi et al., J. Chem. Phys. 152 154105 (2020);
          URL http://www.quantum-espresso.org", 
     in publications or presentations arising from this work. More details at
     http://www.quantum-espresso.org/quote

     Parallel version (MPI), running on     1 processors

     MPI processes distributed on     1 nodes
     0 MiB available memory on the printing compute node when the environment starts

     Waiting for input...
     Reading input from standard input
     --------------------------- All-electron run ----------------------------

     Li                                                                         

     atomic number is  3.00
     dft =PBE   lsd =0 sic =0 latt =0  beta=0.20 tr2=1.0E-14
     Exchange-correlation= PBE
                           (   1   4   3   4   0   0   0)
     mesh =1589 r(mesh) = 100.02175 a.u. xmin = -7.00 dx = 0.00800
     1 Ry =  13.60569312 eV

     n l     nl                  e(Ry)          e(Ha)          e(eV)
     1 0     1S 1( 1.50)        -5.0085        -2.5042       -68.1439
     2 0     2S 1( 1.00)        -0.5170        -0.2585        -7.0345

     final scf error:  5.1E-15 reached in  21 iterations

     Etot =     -12.703553 Ry,      -6.351777 Ha,    -172.840645 eV

     Ekin =      12.628106 Ry,       6.314053 Ha,     171.814133 eV
     Encl =     -28.004935 Ry,     -14.002468 Ha,    -381.026554 eV
     Eh   =       5.430057 Ry,       2.715029 Ha,      73.879695 eV
     Exc  =      -2.756781 Ry,      -1.378391 Ha,     -37.507919 eV


     normalization and overlap integrals

     s(1S/1S) =  1.000000  <r> =   0.5481  <r2> =    0.4089  r(max) =   0.3497
     s(1S/2S) = -0.000000
     s(2S/2S) =  1.000000  <r> =   3.0317  <r2> =   10.8250  r(max) =   2.5027

     ------------------------ End of All-electron run ------------------------

