
     Program LD1 v.7.5 starts on 29Jan2026 at  0:20:12 

     This program is part of the open-source Quantum ESPRESSO suite
     for quantum simulation of materials; please cite
         "P. Giannozzi et al., J. Phys.:Condens. Matter 21 395502 (2009);
         "P. Giannozzi et al., J. Phys.:Condens. Matter 29 465901 (2017);
         "P. Giannozzi et al., J. Chem. Phys. 152 154105 (2020);
          URL http://www.quantum-espresso.org", 
     in publications or presentations arising from this work. More details at
     http://www.quantum-espresso.org/quote

     Parallel version (MPI), running on     1 processors

     MPI processes distributed on     1 nodes
     0 MiB available memory on the printing compute node when the environment starts

     Waiting for input...
     Reading input from standard input
     --------------------------- All-electron run ----------------------------

     Li                                                                         

     atomic number is  3.00
     dft =PBE   lsd =0 sic =0 latt =0  beta=0.20 tr2=1.0E-14
     Exchange-correlation= PBE
                           (   1   4   3   4   0   0   0)
     mesh =1589 r(mesh) = 100.02175 a.u. xmin = -7.00 dx = 0.00800
     1 Ry =  13.60569312 eV

     n l     nl                  e(Ry)          e(Ha)          e(eV)
     1 0     1S 1( 1.00)        -6.3189        -3.1594       -85.9725
     2 0     2S 1( 1.00)        -0.9113        -0.4557       -12.3992

     final scf error:  9.6E-15 reached in  23 iterations

     Etot =      -9.875425 Ry,      -4.937712 Ha,    -134.361999 eV

     Ekin =       9.821979 Ry,       4.910990 Ha,     133.634832 eV
     Encl =     -20.944975 Ry,     -10.472488 Ha,    -284.970909 eV
     Eh   =       3.162480 Ry,       1.581240 Ha,      43.027738 eV
     Exc  =      -1.914909 Ry,      -0.957454 Ha,     -26.053660 eV


     normalization and overlap integrals

     s(1S/1S) =  1.000000  <r> =   0.5195  <r2> =    0.3643  r(max) =   0.3387
     s(1S/2S) = -0.000000
     s(2S/2S) =  1.000000  <r> =   2.5367  <r2> =    7.5334  r(max) =   2.1327

     ------------------------ End of All-electron run ------------------------

