

*******************************************************************************
Fri Jan 30 17:04:54 2026


FIT:    data read from 'results-cutoff.dat'
        format = z
        #datapoints = 36
        residuals are weighted equally (unit weight)

function used for fitting: f(x) [:0.02]
	f(x)=a*x+b
BREAK: Need via and either parameter list or file

*******************************************************************************
Fri Jan 30 17:05:57 2026


FIT:    data read from 'results-cutoff.dat'
        format = z
        #datapoints = 36
        residuals are weighted equally (unit weight)

function used for fitting: f(x) [:0.02]
	f(x)=a*x+b
BREAK: Need via and either parameter list or file

*******************************************************************************
Fri Jan 30 17:06:04 2026


FIT:    data read from 'results-cutoff.dat'
        format = z
        #datapoints = 36
        residuals are weighted equally (unit weight)

function used for fitting: f(x) [:0.02]
	f(x)=a*x+b
BREAK: Need via and either parameter list or file

*******************************************************************************
Fri Jan 30 17:06:07 2026


FIT:    data read from 'results-cutoff.dat'
        format = z
        #datapoints = 36
        residuals are weighted equally (unit weight)

function used for fitting: f(x) [:0.02]
	f(x)=a*x+b
BREAK: Need via and either parameter list or file

*******************************************************************************
Fri Jan 30 17:08:24 2026


FIT:    data read from 'results-cutoff.dat'
        format = z
        #datapoints = 36
        residuals are weighted equally (unit weight)

function used for fitting: f(z)
	f(z)=a*z+b
BREAK: Need via and either parameter list or file

*******************************************************************************
Fri Jan 30 17:09:45 2026


FIT:    data read from 'results-cutoff.dat' u (1/$1):6
        format = x:z
        #datapoints = 36
        residuals are weighted equally (unit weight)

function used for fitting: f(z) [:0.02]
	f(z)=a*z+b
fitted parameters initialized with current variable values



*******************************************************************************
Fri Jan 30 17:10:03 2026


FIT:    data read from 'results-cutoff.dat' u (1/$1):6
        format = x:z
        #datapoints = 36
        residuals are weighted equally (unit weight)

function used for fitting: f(x) [:0.02]
	f(x)=a*x+b
fitted parameters initialized with current variable values



*******************************************************************************
Fri Jan 30 17:10:20 2026


FIT:    data read from 'results-cutoff.dat' u (1/$1):6
        format = x:z
        #datapoints = 36
        residuals are weighted equally (unit weight)

function used for fitting: f(x)
	f(x)=a*x+b
fitted parameters initialized with current variable values

iter      chisq       delta/lim  lambda   a             b            
   0 6.9128635912e+01   0.00e+00  4.90e-01    1.000000e-03   6.929000e-01
   7 6.0338914481e-07  -8.70e-03  4.90e-08    1.062322e-02  -6.931206e-01

After 7 iterations the fit converged.
final sum of squares of residuals : 6.03389e-07
rel. change during last iteration : -8.70188e-08

degrees of freedom    (FIT_NDF)                        : 34
rms of residuals      (FIT_STDFIT) = sqrt(WSSR/ndf)    : 0.000133217
variance of residuals (reduced chisquare) = WSSR/ndf   : 1.77467e-08

Final set of parameters            Asymptotic Standard Error
=======================            ==========================
a               = 0.0106232        +/- 0.001063     (10.01%)
b               = -0.693121        +/- 3.93e-05     (0.005669%)

correlation matrix of the fit parameters:
                a      b      
a               1.000 
b              -0.825  1.000 


*******************************************************************************
Fri Jan 30 17:10:54 2026


FIT:    data read from 'results-cutoff.dat' u (1/$1):6
        format = x:z
        x range restricted to [* : 0.0200000]
        #datapoints = 16
        residuals are weighted equally (unit weight)

function used for fitting: f(x)
	f(x)=a*x+b
fitted parameters initialized with current variable values

iter      chisq       delta/lim  lambda   a             b            
   0 3.0727303247e+01   0.00e+00  4.90e-01    1.000000e-03   6.929000e-01
   8 5.3030160618e-13  -7.18e-03  4.90e-09    9.654280e-04  -6.929048e-01

After 8 iterations the fit converged.
final sum of squares of residuals : 5.30302e-13
rel. change during last iteration : -7.18341e-08

degrees of freedom    (FIT_NDF)                        : 14
rms of residuals      (FIT_STDFIT) = sqrt(WSSR/ndf)    : 1.94624e-07
variance of residuals (reduced chisquare) = WSSR/ndf   : 3.78787e-14

Final set of parameters            Asymptotic Standard Error
=======================            ==========================
a               = 0.000965428      +/- 2.131e-05    (2.208%)
b               = -0.692905        +/- 3.382e-07    (4.881e-05%)

correlation matrix of the fit parameters:
                a      b      
a               1.000 
b              -0.990  1.000 


*******************************************************************************
Fri Jan 30 17:12:45 2026


FIT:    data read from 'results-cutoff.dat' u (1/$1):6
        format = x:z
        x range restricted to [* : 0.0200000]
        #datapoints = 16
        residuals are weighted equally (unit weight)

function used for fitting: f(x)
	f(x)=a*x+b
fitted parameters initialized with current variable values

iter      chisq       delta/lim  lambda   a             b            
   0 3.0727303247e+01   0.00e+00  4.90e-01    1.000000e-03   6.929000e-01
   8 5.3030160618e-13  -7.18e-03  4.90e-09    9.654280e-04  -6.929048e-01

After 8 iterations the fit converged.
final sum of squares of residuals : 5.30302e-13
rel. change during last iteration : -7.18341e-08

degrees of freedom    (FIT_NDF)                        : 14
rms of residuals      (FIT_STDFIT) = sqrt(WSSR/ndf)    : 1.94624e-07
variance of residuals (reduced chisquare) = WSSR/ndf   : 3.78787e-14

Final set of parameters            Asymptotic Standard Error
=======================            ==========================
a               = 0.000965428      +/- 2.131e-05    (2.208%)
b               = -0.692905        +/- 3.382e-07    (4.881e-05%)

correlation matrix of the fit parameters:
                a      b      
a               1.000 
b              -0.990  1.000 


*******************************************************************************
Fri Jan 30 17:12:46 2026


FIT:    data read from 'results-cutoff.dat' u (1/$1):6
        format = x:z
        x range restricted to [* : 0.0200000]
        #datapoints = 16
        residuals are weighted equally (unit weight)

function used for fitting: f(x)
	f(x)=a*x+b
fitted parameters initialized with current variable values

iter      chisq       delta/lim  lambda   a             b            
   0 3.0727303247e+01   0.00e+00  4.90e-01    1.000000e-03   6.929000e-01
   8 5.3030160618e-13  -7.18e-03  4.90e-09    9.654280e-04  -6.929048e-01

After 8 iterations the fit converged.
final sum of squares of residuals : 5.30302e-13
rel. change during last iteration : -7.18341e-08

degrees of freedom    (FIT_NDF)                        : 14
rms of residuals      (FIT_STDFIT) = sqrt(WSSR/ndf)    : 1.94624e-07
variance of residuals (reduced chisquare) = WSSR/ndf   : 3.78787e-14

Final set of parameters            Asymptotic Standard Error
=======================            ==========================
a               = 0.000965428      +/- 2.131e-05    (2.208%)
b               = -0.692905        +/- 3.382e-07    (4.881e-05%)

correlation matrix of the fit parameters:
                a      b      
a               1.000 
b              -0.990  1.000 


*******************************************************************************
Fri Jan 30 17:12:46 2026


FIT:    data read from 'results-cutoff.dat' u (1/$1):6
        format = x:z
        x range restricted to [* : 0.0200000]
        #datapoints = 16
        residuals are weighted equally (unit weight)

function used for fitting: f(x)
	f(x)=a*x+b
fitted parameters initialized with current variable values

iter      chisq       delta/lim  lambda   a             b            
   0 3.0727303247e+01   0.00e+00  4.90e-01    1.000000e-03   6.929000e-01
   8 5.3030160618e-13  -7.18e-03  4.90e-09    9.654280e-04  -6.929048e-01

After 8 iterations the fit converged.
final sum of squares of residuals : 5.30302e-13
rel. change during last iteration : -7.18341e-08

degrees of freedom    (FIT_NDF)                        : 14
rms of residuals      (FIT_STDFIT) = sqrt(WSSR/ndf)    : 1.94624e-07
variance of residuals (reduced chisquare) = WSSR/ndf   : 3.78787e-14

Final set of parameters            Asymptotic Standard Error
=======================            ==========================
a               = 0.000965428      +/- 2.131e-05    (2.208%)
b               = -0.692905        +/- 3.382e-07    (4.881e-05%)

correlation matrix of the fit parameters:
                a      b      
a               1.000 
b              -0.990  1.000 


*******************************************************************************
Fri Jan 30 17:12:46 2026


FIT:    data read from 'results-cutoff.dat' u (1/$1):6
        format = x:z
        x range restricted to [* : 0.0200000]
        #datapoints = 16
        residuals are weighted equally (unit weight)

function used for fitting: f(x)
	f(x)=a*x+b
fitted parameters initialized with current variable values

iter      chisq       delta/lim  lambda   a             b            
   0 3.0727303247e+01   0.00e+00  4.90e-01    1.000000e-03   6.929000e-01
   8 5.3030160618e-13  -7.18e-03  4.90e-09    9.654280e-04  -6.929048e-01

After 8 iterations the fit converged.
final sum of squares of residuals : 5.30302e-13
rel. change during last iteration : -7.18341e-08

degrees of freedom    (FIT_NDF)                        : 14
rms of residuals      (FIT_STDFIT) = sqrt(WSSR/ndf)    : 1.94624e-07
variance of residuals (reduced chisquare) = WSSR/ndf   : 3.78787e-14

Final set of parameters            Asymptotic Standard Error
=======================            ==========================
a               = 0.000965428      +/- 2.131e-05    (2.208%)
b               = -0.692905        +/- 3.382e-07    (4.881e-05%)

correlation matrix of the fit parameters:
                a      b      
a               1.000 
b              -0.990  1.000 


*******************************************************************************
Fri Jan 30 17:12:46 2026


FIT:    data read from 'results-cutoff.dat' u (1/$1):6
        format = x:z
        x range restricted to [* : 0.0200000]
        #datapoints = 16
        residuals are weighted equally (unit weight)

function used for fitting: f(x)
	f(x)=a*x+b
fitted parameters initialized with current variable values

iter      chisq       delta/lim  lambda   a             b            
   0 3.0727303247e+01   0.00e+00  4.90e-01    1.000000e-03   6.929000e-01
   8 5.3030160618e-13  -7.18e-03  4.90e-09    9.654280e-04  -6.929048e-01

After 8 iterations the fit converged.
final sum of squares of residuals : 5.30302e-13
rel. change during last iteration : -7.18341e-08

degrees of freedom    (FIT_NDF)                        : 14
rms of residuals      (FIT_STDFIT) = sqrt(WSSR/ndf)    : 1.94624e-07
variance of residuals (reduced chisquare) = WSSR/ndf   : 3.78787e-14

Final set of parameters            Asymptotic Standard Error
=======================            ==========================
a               = 0.000965428      +/- 2.131e-05    (2.208%)
b               = -0.692905        +/- 3.382e-07    (4.881e-05%)

correlation matrix of the fit parameters:
                a      b      
a               1.000 
b              -0.990  1.000 


*******************************************************************************
Fri Jan 30 17:12:46 2026


FIT:    data read from 'results-cutoff.dat' u (1/$1):6
        format = x:z
        x range restricted to [* : 0.0200000]
        #datapoints = 16
        residuals are weighted equally (unit weight)

function used for fitting: f(x)
	f(x)=a*x+b
fitted parameters initialized with current variable values

iter      chisq       delta/lim  lambda   a             b            
   0 3.0727303247e+01   0.00e+00  4.90e-01    1.000000e-03   6.929000e-01
   8 5.3030160618e-13  -7.18e-03  4.90e-09    9.654280e-04  -6.929048e-01

After 8 iterations the fit converged.
final sum of squares of residuals : 5.30302e-13
rel. change during last iteration : -7.18341e-08

degrees of freedom    (FIT_NDF)                        : 14
rms of residuals      (FIT_STDFIT) = sqrt(WSSR/ndf)    : 1.94624e-07
variance of residuals (reduced chisquare) = WSSR/ndf   : 3.78787e-14

Final set of parameters            Asymptotic Standard Error
=======================            ==========================
a               = 0.000965428      +/- 2.131e-05    (2.208%)
b               = -0.692905        +/- 3.382e-07    (4.881e-05%)

correlation matrix of the fit parameters:
                a      b      
a               1.000 
b              -0.990  1.000 


*******************************************************************************
Fri Jan 30 17:12:46 2026


FIT:    data read from 'results-cutoff.dat' u (1/$1):6
        format = x:z
        x range restricted to [* : 0.0200000]
        #datapoints = 16
        residuals are weighted equally (unit weight)

function used for fitting: f(x)
	f(x)=a*x+b
fitted parameters initialized with current variable values

iter      chisq       delta/lim  lambda   a             b            
   0 3.0727303247e+01   0.00e+00  4.90e-01    1.000000e-03   6.929000e-01
   8 5.3030160618e-13  -7.18e-03  4.90e-09    9.654280e-04  -6.929048e-01

After 8 iterations the fit converged.
final sum of squares of residuals : 5.30302e-13
rel. change during last iteration : -7.18341e-08

degrees of freedom    (FIT_NDF)                        : 14
rms of residuals      (FIT_STDFIT) = sqrt(WSSR/ndf)    : 1.94624e-07
variance of residuals (reduced chisquare) = WSSR/ndf   : 3.78787e-14

Final set of parameters            Asymptotic Standard Error
=======================            ==========================
a               = 0.000965428      +/- 2.131e-05    (2.208%)
b               = -0.692905        +/- 3.382e-07    (4.881e-05%)

correlation matrix of the fit parameters:
                a      b      
a               1.000 
b              -0.990  1.000 


*******************************************************************************
Fri Jan 30 17:12:46 2026


FIT:    data read from 'results-cutoff.dat' u (1/$1):6
        format = x:z
        x range restricted to [* : 0.0200000]
        #datapoints = 16
        residuals are weighted equally (unit weight)

function used for fitting: f(x)
	f(x)=a*x+b
fitted parameters initialized with current variable values

iter      chisq       delta/lim  lambda   a             b            
   0 3.0727303247e+01   0.00e+00  4.90e-01    1.000000e-03   6.929000e-01
   8 5.3030160618e-13  -7.18e-03  4.90e-09    9.654280e-04  -6.929048e-01

After 8 iterations the fit converged.
final sum of squares of residuals : 5.30302e-13
rel. change during last iteration : -7.18341e-08

degrees of freedom    (FIT_NDF)                        : 14
rms of residuals      (FIT_STDFIT) = sqrt(WSSR/ndf)    : 1.94624e-07
variance of residuals (reduced chisquare) = WSSR/ndf   : 3.78787e-14

Final set of parameters            Asymptotic Standard Error
=======================            ==========================
a               = 0.000965428      +/- 2.131e-05    (2.208%)
b               = -0.692905        +/- 3.382e-07    (4.881e-05%)

correlation matrix of the fit parameters:
                a      b      
a               1.000 
b              -0.990  1.000 


*******************************************************************************
Fri Jan 30 17:12:46 2026


FIT:    data read from 'results-cutoff.dat' u (1/$1):6
        format = x:z
        x range restricted to [* : 0.0200000]
        #datapoints = 16
        residuals are weighted equally (unit weight)

function used for fitting: f(x)
	f(x)=a*x+b
fitted parameters initialized with current variable values

iter      chisq       delta/lim  lambda   a             b            
   0 3.0727303247e+01   0.00e+00  4.90e-01    1.000000e-03   6.929000e-01
   8 5.3030160618e-13  -7.18e-03  4.90e-09    9.654280e-04  -6.929048e-01

After 8 iterations the fit converged.
final sum of squares of residuals : 5.30302e-13
rel. change during last iteration : -7.18341e-08

degrees of freedom    (FIT_NDF)                        : 14
rms of residuals      (FIT_STDFIT) = sqrt(WSSR/ndf)    : 1.94624e-07
variance of residuals (reduced chisquare) = WSSR/ndf   : 3.78787e-14

Final set of parameters            Asymptotic Standard Error
=======================            ==========================
a               = 0.000965428      +/- 2.131e-05    (2.208%)
b               = -0.692905        +/- 3.382e-07    (4.881e-05%)

correlation matrix of the fit parameters:
                a      b      
a               1.000 
b              -0.990  1.000 


*******************************************************************************
Fri Jan 30 17:12:46 2026


FIT:    data read from 'results-cutoff.dat' u (1/$1):6
        format = x:z
        x range restricted to [* : 0.0200000]
        #datapoints = 16
        residuals are weighted equally (unit weight)

function used for fitting: f(x)
	f(x)=a*x+b
fitted parameters initialized with current variable values

iter      chisq       delta/lim  lambda   a             b            
   0 3.0727303247e+01   0.00e+00  4.90e-01    1.000000e-03   6.929000e-01
   8 5.3030160618e-13  -7.18e-03  4.90e-09    9.654280e-04  -6.929048e-01

After 8 iterations the fit converged.
final sum of squares of residuals : 5.30302e-13
rel. change during last iteration : -7.18341e-08

degrees of freedom    (FIT_NDF)                        : 14
rms of residuals      (FIT_STDFIT) = sqrt(WSSR/ndf)    : 1.94624e-07
variance of residuals (reduced chisquare) = WSSR/ndf   : 3.78787e-14

Final set of parameters            Asymptotic Standard Error
=======================            ==========================
a               = 0.000965428      +/- 2.131e-05    (2.208%)
b               = -0.692905        +/- 3.382e-07    (4.881e-05%)

correlation matrix of the fit parameters:
                a      b      
a               1.000 
b              -0.990  1.000 


*******************************************************************************
Fri Jan 30 17:12:46 2026


FIT:    data read from 'results-cutoff.dat' u (1/$1):6
        format = x:z
        x range restricted to [* : 0.0200000]
        #datapoints = 16
        residuals are weighted equally (unit weight)

function used for fitting: f(x)
	f(x)=a*x+b
fitted parameters initialized with current variable values

iter      chisq       delta/lim  lambda   a             b            
   0 3.0727303247e+01   0.00e+00  4.90e-01    1.000000e-03   6.929000e-01
   8 5.3030160618e-13  -7.18e-03  4.90e-09    9.654280e-04  -6.929048e-01

After 8 iterations the fit converged.
final sum of squares of residuals : 5.30302e-13
rel. change during last iteration : -7.18341e-08

degrees of freedom    (FIT_NDF)                        : 14
rms of residuals      (FIT_STDFIT) = sqrt(WSSR/ndf)    : 1.94624e-07
variance of residuals (reduced chisquare) = WSSR/ndf   : 3.78787e-14

Final set of parameters            Asymptotic Standard Error
=======================            ==========================
a               = 0.000965428      +/- 2.131e-05    (2.208%)
b               = -0.692905        +/- 3.382e-07    (4.881e-05%)

correlation matrix of the fit parameters:
                a      b      
a               1.000 
b              -0.990  1.000 


*******************************************************************************
Fri Jan 30 17:12:46 2026


FIT:    data read from 'results-cutoff.dat' u (1/$1):6
        format = x:z
        x range restricted to [* : 0.0200000]
        #datapoints = 16
        residuals are weighted equally (unit weight)

function used for fitting: f(x)
	f(x)=a*x+b
fitted parameters initialized with current variable values

iter      chisq       delta/lim  lambda   a             b            
   0 3.0727303247e+01   0.00e+00  4.90e-01    1.000000e-03   6.929000e-01
   8 5.3030160618e-13  -7.18e-03  4.90e-09    9.654280e-04  -6.929048e-01

After 8 iterations the fit converged.
final sum of squares of residuals : 5.30302e-13
rel. change during last iteration : -7.18341e-08

degrees of freedom    (FIT_NDF)                        : 14
rms of residuals      (FIT_STDFIT) = sqrt(WSSR/ndf)    : 1.94624e-07
variance of residuals (reduced chisquare) = WSSR/ndf   : 3.78787e-14

Final set of parameters            Asymptotic Standard Error
=======================            ==========================
a               = 0.000965428      +/- 2.131e-05    (2.208%)
b               = -0.692905        +/- 3.382e-07    (4.881e-05%)

correlation matrix of the fit parameters:
                a      b      
a               1.000 
b              -0.990  1.000 


*******************************************************************************
Fri Jan 30 17:12:46 2026


FIT:    data read from 'results-cutoff.dat' u (1/$1):6
        format = x:z
        x range restricted to [* : 0.0200000]
        #datapoints = 16
        residuals are weighted equally (unit weight)

function used for fitting: f(x)
	f(x)=a*x+b
fitted parameters initialized with current variable values

iter      chisq       delta/lim  lambda   a             b            
   0 3.0727303247e+01   0.00e+00  4.90e-01    1.000000e-03   6.929000e-01
   8 5.3030160618e-13  -7.18e-03  4.90e-09    9.654280e-04  -6.929048e-01

After 8 iterations the fit converged.
final sum of squares of residuals : 5.30302e-13
rel. change during last iteration : -7.18341e-08

degrees of freedom    (FIT_NDF)                        : 14
rms of residuals      (FIT_STDFIT) = sqrt(WSSR/ndf)    : 1.94624e-07
variance of residuals (reduced chisquare) = WSSR/ndf   : 3.78787e-14

Final set of parameters            Asymptotic Standard Error
=======================            ==========================
a               = 0.000965428      +/- 2.131e-05    (2.208%)
b               = -0.692905        +/- 3.382e-07    (4.881e-05%)

correlation matrix of the fit parameters:
                a      b      
a               1.000 
b              -0.990  1.000 


*******************************************************************************
Fri Jan 30 17:12:46 2026


FIT:    data read from 'results-cutoff.dat' u (1/$1):6
        format = x:z
        x range restricted to [* : 0.0200000]
        #datapoints = 16
        residuals are weighted equally (unit weight)

function used for fitting: f(x)
	f(x)=a*x+b
fitted parameters initialized with current variable values

iter      chisq       delta/lim  lambda   a             b            
   0 3.0727303247e+01   0.00e+00  4.90e-01    1.000000e-03   6.929000e-01
   8 5.3030160618e-13  -7.18e-03  4.90e-09    9.654280e-04  -6.929048e-01

After 8 iterations the fit converged.
final sum of squares of residuals : 5.30302e-13
rel. change during last iteration : -7.18341e-08

degrees of freedom    (FIT_NDF)                        : 14
rms of residuals      (FIT_STDFIT) = sqrt(WSSR/ndf)    : 1.94624e-07
variance of residuals (reduced chisquare) = WSSR/ndf   : 3.78787e-14

Final set of parameters            Asymptotic Standard Error
=======================            ==========================
a               = 0.000965428      +/- 2.131e-05    (2.208%)
b               = -0.692905        +/- 3.382e-07    (4.881e-05%)

correlation matrix of the fit parameters:
                a      b      
a               1.000 
b              -0.990  1.000 


*******************************************************************************
Fri Jan 30 17:12:46 2026


FIT:    data read from 'results-cutoff.dat' u (1/$1):6
        format = x:z
        x range restricted to [* : 0.0200000]
        #datapoints = 16
        residuals are weighted equally (unit weight)

function used for fitting: f(x)
	f(x)=a*x+b
fitted parameters initialized with current variable values

iter      chisq       delta/lim  lambda   a             b            
   0 3.0727303247e+01   0.00e+00  4.90e-01    1.000000e-03   6.929000e-01
   8 5.3030160618e-13  -7.18e-03  4.90e-09    9.654280e-04  -6.929048e-01

After 8 iterations the fit converged.
final sum of squares of residuals : 5.30302e-13
rel. change during last iteration : -7.18341e-08

degrees of freedom    (FIT_NDF)                        : 14
rms of residuals      (FIT_STDFIT) = sqrt(WSSR/ndf)    : 1.94624e-07
variance of residuals (reduced chisquare) = WSSR/ndf   : 3.78787e-14

Final set of parameters            Asymptotic Standard Error
=======================            ==========================
a               = 0.000965428      +/- 2.131e-05    (2.208%)
b               = -0.692905        +/- 3.382e-07    (4.881e-05%)

correlation matrix of the fit parameters:
                a      b      
a               1.000 
b              -0.990  1.000 


*******************************************************************************
Fri Jan 30 17:12:46 2026


FIT:    data read from 'results-cutoff.dat' u (1/$1):6
        format = x:z
        x range restricted to [* : 0.0200000]
        #datapoints = 16
        residuals are weighted equally (unit weight)

function used for fitting: f(x)
	f(x)=a*x+b
fitted parameters initialized with current variable values

iter      chisq       delta/lim  lambda   a             b            
   0 3.0727303247e+01   0.00e+00  4.90e-01    1.000000e-03   6.929000e-01
   8 5.3030160618e-13  -7.18e-03  4.90e-09    9.654280e-04  -6.929048e-01

After 8 iterations the fit converged.
final sum of squares of residuals : 5.30302e-13
rel. change during last iteration : -7.18341e-08

degrees of freedom    (FIT_NDF)                        : 14
rms of residuals      (FIT_STDFIT) = sqrt(WSSR/ndf)    : 1.94624e-07
variance of residuals (reduced chisquare) = WSSR/ndf   : 3.78787e-14

Final set of parameters            Asymptotic Standard Error
=======================            ==========================
a               = 0.000965428      +/- 2.131e-05    (2.208%)
b               = -0.692905        +/- 3.382e-07    (4.881e-05%)

correlation matrix of the fit parameters:
                a      b      
a               1.000 
b              -0.990  1.000 


*******************************************************************************
Fri Jan 30 17:12:46 2026


FIT:    data read from 'results-cutoff.dat' u (1/$1):6
        format = x:z
        x range restricted to [* : 0.0200000]
        #datapoints = 16
        residuals are weighted equally (unit weight)

function used for fitting: f(x)
	f(x)=a*x+b
fitted parameters initialized with current variable values

iter      chisq       delta/lim  lambda   a             b            
   0 3.0727303247e+01   0.00e+00  4.90e-01    1.000000e-03   6.929000e-01
   8 5.3030160618e-13  -7.18e-03  4.90e-09    9.654280e-04  -6.929048e-01

After 8 iterations the fit converged.
final sum of squares of residuals : 5.30302e-13
rel. change during last iteration : -7.18341e-08

degrees of freedom    (FIT_NDF)                        : 14
rms of residuals      (FIT_STDFIT) = sqrt(WSSR/ndf)    : 1.94624e-07
variance of residuals (reduced chisquare) = WSSR/ndf   : 3.78787e-14

Final set of parameters            Asymptotic Standard Error
=======================            ==========================
a               = 0.000965428      +/- 2.131e-05    (2.208%)
b               = -0.692905        +/- 3.382e-07    (4.881e-05%)

correlation matrix of the fit parameters:
                a      b      
a               1.000 
b              -0.990  1.000 


*******************************************************************************
Fri Jan 30 17:12:46 2026


FIT:    data read from 'results-cutoff.dat' u (1/$1):6
        format = x:z
        x range restricted to [* : 0.0200000]
        #datapoints = 16
        residuals are weighted equally (unit weight)

function used for fitting: f(x)
	f(x)=a*x+b
fitted parameters initialized with current variable values

iter      chisq       delta/lim  lambda   a             b            
   0 3.0727303247e+01   0.00e+00  4.90e-01    1.000000e-03   6.929000e-01
   8 5.3030160618e-13  -7.18e-03  4.90e-09    9.654280e-04  -6.929048e-01

After 8 iterations the fit converged.
final sum of squares of residuals : 5.30302e-13
rel. change during last iteration : -7.18341e-08

degrees of freedom    (FIT_NDF)                        : 14
rms of residuals      (FIT_STDFIT) = sqrt(WSSR/ndf)    : 1.94624e-07
variance of residuals (reduced chisquare) = WSSR/ndf   : 3.78787e-14

Final set of parameters            Asymptotic Standard Error
=======================            ==========================
a               = 0.000965428      +/- 2.131e-05    (2.208%)
b               = -0.692905        +/- 3.382e-07    (4.881e-05%)

correlation matrix of the fit parameters:
                a      b      
a               1.000 
b              -0.990  1.000 


*******************************************************************************
Fri Jan 30 17:12:46 2026


FIT:    data read from 'results-cutoff.dat' u (1/$1):6
        format = x:z
        x range restricted to [* : 0.0200000]
        #datapoints = 16
        residuals are weighted equally (unit weight)

function used for fitting: f(x)
	f(x)=a*x+b
fitted parameters initialized with current variable values

iter      chisq       delta/lim  lambda   a             b            
   0 3.0727303247e+01   0.00e+00  4.90e-01    1.000000e-03   6.929000e-01
   8 5.3030160618e-13  -7.18e-03  4.90e-09    9.654280e-04  -6.929048e-01

After 8 iterations the fit converged.
final sum of squares of residuals : 5.30302e-13
rel. change during last iteration : -7.18341e-08

degrees of freedom    (FIT_NDF)                        : 14
rms of residuals      (FIT_STDFIT) = sqrt(WSSR/ndf)    : 1.94624e-07
variance of residuals (reduced chisquare) = WSSR/ndf   : 3.78787e-14

Final set of parameters            Asymptotic Standard Error
=======================            ==========================
a               = 0.000965428      +/- 2.131e-05    (2.208%)
b               = -0.692905        +/- 3.382e-07    (4.881e-05%)

correlation matrix of the fit parameters:
                a      b      
a               1.000 
b              -0.990  1.000 


*******************************************************************************
Fri Jan 30 17:12:46 2026


FIT:    data read from 'results-cutoff.dat' u (1/$1):6
        format = x:z
        x range restricted to [* : 0.0200000]
        #datapoints = 16
        residuals are weighted equally (unit weight)

function used for fitting: f(x)
	f(x)=a*x+b
fitted parameters initialized with current variable values

iter      chisq       delta/lim  lambda   a             b            
   0 3.0727303247e+01   0.00e+00  4.90e-01    1.000000e-03   6.929000e-01
   8 5.3030160618e-13  -7.18e-03  4.90e-09    9.654280e-04  -6.929048e-01

After 8 iterations the fit converged.
final sum of squares of residuals : 5.30302e-13
rel. change during last iteration : -7.18341e-08

degrees of freedom    (FIT_NDF)                        : 14
rms of residuals      (FIT_STDFIT) = sqrt(WSSR/ndf)    : 1.94624e-07
variance of residuals (reduced chisquare) = WSSR/ndf   : 3.78787e-14

Final set of parameters            Asymptotic Standard Error
=======================            ==========================
a               = 0.000965428      +/- 2.131e-05    (2.208%)
b               = -0.692905        +/- 3.382e-07    (4.881e-05%)

correlation matrix of the fit parameters:
                a      b      
a               1.000 
b              -0.990  1.000 


*******************************************************************************
Fri Jan 30 17:12:46 2026


FIT:    data read from 'results-cutoff.dat' u (1/$1):6
        format = x:z
        x range restricted to [* : 0.0200000]
        #datapoints = 16
        residuals are weighted equally (unit weight)

function used for fitting: f(x)
	f(x)=a*x+b
fitted parameters initialized with current variable values

iter      chisq       delta/lim  lambda   a             b            
   0 3.0727303247e+01   0.00e+00  4.90e-01    1.000000e-03   6.929000e-01
   8 5.3030160618e-13  -7.18e-03  4.90e-09    9.654280e-04  -6.929048e-01

After 8 iterations the fit converged.
final sum of squares of residuals : 5.30302e-13
rel. change during last iteration : -7.18341e-08

degrees of freedom    (FIT_NDF)                        : 14
rms of residuals      (FIT_STDFIT) = sqrt(WSSR/ndf)    : 1.94624e-07
variance of residuals (reduced chisquare) = WSSR/ndf   : 3.78787e-14

Final set of parameters            Asymptotic Standard Error
=======================            ==========================
a               = 0.000965428      +/- 2.131e-05    (2.208%)
b               = -0.692905        +/- 3.382e-07    (4.881e-05%)

correlation matrix of the fit parameters:
                a      b      
a               1.000 
b              -0.990  1.000 


*******************************************************************************
Fri Jan 30 17:12:46 2026


FIT:    data read from 'results-cutoff.dat' u (1/$1):6
        format = x:z
        x range restricted to [* : 0.0200000]
        #datapoints = 16
        residuals are weighted equally (unit weight)

function used for fitting: f(x)
	f(x)=a*x+b
fitted parameters initialized with current variable values

iter      chisq       delta/lim  lambda   a             b            
   0 3.0727303247e+01   0.00e+00  4.90e-01    1.000000e-03   6.929000e-01
   8 5.3030160618e-13  -7.18e-03  4.90e-09    9.654280e-04  -6.929048e-01

After 8 iterations the fit converged.
final sum of squares of residuals : 5.30302e-13
rel. change during last iteration : -7.18341e-08

degrees of freedom    (FIT_NDF)                        : 14
rms of residuals      (FIT_STDFIT) = sqrt(WSSR/ndf)    : 1.94624e-07
variance of residuals (reduced chisquare) = WSSR/ndf   : 3.78787e-14

Final set of parameters            Asymptotic Standard Error
=======================            ==========================
a               = 0.000965428      +/- 2.131e-05    (2.208%)
b               = -0.692905        +/- 3.382e-07    (4.881e-05%)

correlation matrix of the fit parameters:
                a      b      
a               1.000 
b              -0.990  1.000 


*******************************************************************************
Fri Jan 30 17:12:46 2026


FIT:    data read from 'results-cutoff.dat' u (1/$1):6
        format = x:z
        x range restricted to [* : 0.0200000]
        #datapoints = 16
        residuals are weighted equally (unit weight)

function used for fitting: f(x)
	f(x)=a*x+b
fitted parameters initialized with current variable values

iter      chisq       delta/lim  lambda   a             b            
   0 3.0727303247e+01   0.00e+00  4.90e-01    1.000000e-03   6.929000e-01
   8 5.3030160618e-13  -7.18e-03  4.90e-09    9.654280e-04  -6.929048e-01

After 8 iterations the fit converged.
final sum of squares of residuals : 5.30302e-13
rel. change during last iteration : -7.18341e-08

degrees of freedom    (FIT_NDF)                        : 14
rms of residuals      (FIT_STDFIT) = sqrt(WSSR/ndf)    : 1.94624e-07
variance of residuals (reduced chisquare) = WSSR/ndf   : 3.78787e-14

Final set of parameters            Asymptotic Standard Error
=======================            ==========================
a               = 0.000965428      +/- 2.131e-05    (2.208%)
b               = -0.692905        +/- 3.382e-07    (4.881e-05%)

correlation matrix of the fit parameters:
                a      b      
a               1.000 
b              -0.990  1.000 


*******************************************************************************
Fri Jan 30 17:12:46 2026


FIT:    data read from 'results-cutoff.dat' u (1/$1):6
        format = x:z
        x range restricted to [* : 0.0200000]
        #datapoints = 16
        residuals are weighted equally (unit weight)

function used for fitting: f(x)
	f(x)=a*x+b
fitted parameters initialized with current variable values

iter      chisq       delta/lim  lambda   a             b            
   0 3.0727303247e+01   0.00e+00  4.90e-01    1.000000e-03   6.929000e-01
   8 5.3030160618e-13  -7.18e-03  4.90e-09    9.654280e-04  -6.929048e-01

After 8 iterations the fit converged.
final sum of squares of residuals : 5.30302e-13
rel. change during last iteration : -7.18341e-08

degrees of freedom    (FIT_NDF)                        : 14
rms of residuals      (FIT_STDFIT) = sqrt(WSSR/ndf)    : 1.94624e-07
variance of residuals (reduced chisquare) = WSSR/ndf   : 3.78787e-14

Final set of parameters            Asymptotic Standard Error
=======================            ==========================
a               = 0.000965428      +/- 2.131e-05    (2.208%)
b               = -0.692905        +/- 3.382e-07    (4.881e-05%)

correlation matrix of the fit parameters:
                a      b      
a               1.000 
b              -0.990  1.000 


*******************************************************************************
Fri Jan 30 17:12:46 2026


FIT:    data read from 'results-cutoff.dat' u (1/$1):6
        format = x:z
        x range restricted to [* : 0.0200000]
        #datapoints = 16
        residuals are weighted equally (unit weight)

function used for fitting: f(x)
	f(x)=a*x+b
fitted parameters initialized with current variable values

iter      chisq       delta/lim  lambda   a             b            
   0 3.0727303247e+01   0.00e+00  4.90e-01    1.000000e-03   6.929000e-01
   8 5.3030160618e-13  -7.18e-03  4.90e-09    9.654280e-04  -6.929048e-01

After 8 iterations the fit converged.
final sum of squares of residuals : 5.30302e-13
rel. change during last iteration : -7.18341e-08

degrees of freedom    (FIT_NDF)                        : 14
rms of residuals      (FIT_STDFIT) = sqrt(WSSR/ndf)    : 1.94624e-07
variance of residuals (reduced chisquare) = WSSR/ndf   : 3.78787e-14

Final set of parameters            Asymptotic Standard Error
=======================            ==========================
a               = 0.000965428      +/- 2.131e-05    (2.208%)
b               = -0.692905        +/- 3.382e-07    (4.881e-05%)

correlation matrix of the fit parameters:
                a      b      
a               1.000 
b              -0.990  1.000 


*******************************************************************************
Fri Jan 30 17:12:46 2026


FIT:    data read from 'results-cutoff.dat' u (1/$1):6
        format = x:z
        x range restricted to [* : 0.0200000]
        #datapoints = 16
        residuals are weighted equally (unit weight)

function used for fitting: f(x)
	f(x)=a*x+b
fitted parameters initialized with current variable values

iter      chisq       delta/lim  lambda   a             b            
   0 3.0727303247e+01   0.00e+00  4.90e-01    1.000000e-03   6.929000e-01
   8 5.3030160618e-13  -7.18e-03  4.90e-09    9.654280e-04  -6.929048e-01

After 8 iterations the fit converged.
final sum of squares of residuals : 5.30302e-13
rel. change during last iteration : -7.18341e-08

degrees of freedom    (FIT_NDF)                        : 14
rms of residuals      (FIT_STDFIT) = sqrt(WSSR/ndf)    : 1.94624e-07
variance of residuals (reduced chisquare) = WSSR/ndf   : 3.78787e-14

Final set of parameters            Asymptotic Standard Error
=======================            ==========================
a               = 0.000965428      +/- 2.131e-05    (2.208%)
b               = -0.692905        +/- 3.382e-07    (4.881e-05%)

correlation matrix of the fit parameters:
                a      b      
a               1.000 
b              -0.990  1.000 


*******************************************************************************
Fri Jan 30 17:12:46 2026


FIT:    data read from 'results-cutoff.dat' u (1/$1):6
        format = x:z
        x range restricted to [* : 0.0200000]
        #datapoints = 16
        residuals are weighted equally (unit weight)

function used for fitting: f(x)
	f(x)=a*x+b
fitted parameters initialized with current variable values

iter      chisq       delta/lim  lambda   a             b            
   0 3.0727303247e+01   0.00e+00  4.90e-01    1.000000e-03   6.929000e-01
   8 5.3030160618e-13  -7.18e-03  4.90e-09    9.654280e-04  -6.929048e-01

After 8 iterations the fit converged.
final sum of squares of residuals : 5.30302e-13
rel. change during last iteration : -7.18341e-08

degrees of freedom    (FIT_NDF)                        : 14
rms of residuals      (FIT_STDFIT) = sqrt(WSSR/ndf)    : 1.94624e-07
variance of residuals (reduced chisquare) = WSSR/ndf   : 3.78787e-14

Final set of parameters            Asymptotic Standard Error
=======================            ==========================
a               = 0.000965428      +/- 2.131e-05    (2.208%)
b               = -0.692905        +/- 3.382e-07    (4.881e-05%)

correlation matrix of the fit parameters:
                a      b      
a               1.000 
b              -0.990  1.000 


*******************************************************************************
Fri Jan 30 17:12:46 2026


FIT:    data read from 'results-cutoff.dat' u (1/$1):6
        format = x:z
        x range restricted to [* : 0.0200000]
        #datapoints = 16
        residuals are weighted equally (unit weight)

function used for fitting: f(x)
	f(x)=a*x+b
fitted parameters initialized with current variable values

iter      chisq       delta/lim  lambda   a             b            
   0 3.0727303247e+01   0.00e+00  4.90e-01    1.000000e-03   6.929000e-01
   8 5.3030160618e-13  -7.18e-03  4.90e-09    9.654280e-04  -6.929048e-01

After 8 iterations the fit converged.
final sum of squares of residuals : 5.30302e-13
rel. change during last iteration : -7.18341e-08

degrees of freedom    (FIT_NDF)                        : 14
rms of residuals      (FIT_STDFIT) = sqrt(WSSR/ndf)    : 1.94624e-07
variance of residuals (reduced chisquare) = WSSR/ndf   : 3.78787e-14

Final set of parameters            Asymptotic Standard Error
=======================            ==========================
a               = 0.000965428      +/- 2.131e-05    (2.208%)
b               = -0.692905        +/- 3.382e-07    (4.881e-05%)

correlation matrix of the fit parameters:
                a      b      
a               1.000 
b              -0.990  1.000 


*******************************************************************************
Fri Jan 30 17:12:46 2026


FIT:    data read from 'results-cutoff.dat' u (1/$1):6
        format = x:z
        x range restricted to [* : 0.0200000]
        #datapoints = 16
        residuals are weighted equally (unit weight)

function used for fitting: f(x)
	f(x)=a*x+b
fitted parameters initialized with current variable values

iter      chisq       delta/lim  lambda   a             b            
   0 3.0727303247e+01   0.00e+00  4.90e-01    1.000000e-03   6.929000e-01
   8 5.3030160618e-13  -7.18e-03  4.90e-09    9.654280e-04  -6.929048e-01

After 8 iterations the fit converged.
final sum of squares of residuals : 5.30302e-13
rel. change during last iteration : -7.18341e-08

degrees of freedom    (FIT_NDF)                        : 14
rms of residuals      (FIT_STDFIT) = sqrt(WSSR/ndf)    : 1.94624e-07
variance of residuals (reduced chisquare) = WSSR/ndf   : 3.78787e-14

Final set of parameters            Asymptotic Standard Error
=======================            ==========================
a               = 0.000965428      +/- 2.131e-05    (2.208%)
b               = -0.692905        +/- 3.382e-07    (4.881e-05%)

correlation matrix of the fit parameters:
                a      b      
a               1.000 
b              -0.990  1.000 


*******************************************************************************
Fri Jan 30 17:12:46 2026


FIT:    data read from 'results-cutoff.dat' u (1/$1):6
        format = x:z
        x range restricted to [* : 0.0200000]
        #datapoints = 16
        residuals are weighted equally (unit weight)

function used for fitting: f(x)
	f(x)=a*x+b
fitted parameters initialized with current variable values

iter      chisq       delta/lim  lambda   a             b            
   0 3.0727303247e+01   0.00e+00  4.90e-01    1.000000e-03   6.929000e-01
   8 5.3030160618e-13  -7.18e-03  4.90e-09    9.654280e-04  -6.929048e-01

After 8 iterations the fit converged.
final sum of squares of residuals : 5.30302e-13
rel. change during last iteration : -7.18341e-08

degrees of freedom    (FIT_NDF)                        : 14
rms of residuals      (FIT_STDFIT) = sqrt(WSSR/ndf)    : 1.94624e-07
variance of residuals (reduced chisquare) = WSSR/ndf   : 3.78787e-14

Final set of parameters            Asymptotic Standard Error
=======================            ==========================
a               = 0.000965428      +/- 2.131e-05    (2.208%)
b               = -0.692905        +/- 3.382e-07    (4.881e-05%)

correlation matrix of the fit parameters:
                a      b      
a               1.000 
b              -0.990  1.000 


*******************************************************************************
Fri Jan 30 17:12:48 2026


FIT:    data read from 'results-cutoff.dat' u (1/$1):6
        format = x:z
        x range restricted to [* : 0.0200000]
        #datapoints = 16
        residuals are weighted equally (unit weight)

function used for fitting: f(x)
	f(x)=a*x+b
fitted parameters initialized with current variable values

iter      chisq       delta/lim  lambda   a             b            
   0 3.0727303247e+01   0.00e+00  4.90e-01    1.000000e-03   6.929000e-01
   8 5.3030160618e-13  -7.18e-03  4.90e-09    9.654280e-04  -6.929048e-01

After 8 iterations the fit converged.
final sum of squares of residuals : 5.30302e-13
rel. change during last iteration : -7.18341e-08

degrees of freedom    (FIT_NDF)                        : 14
rms of residuals      (FIT_STDFIT) = sqrt(WSSR/ndf)    : 1.94624e-07
variance of residuals (reduced chisquare) = WSSR/ndf   : 3.78787e-14

Final set of parameters            Asymptotic Standard Error
=======================            ==========================
a               = 0.000965428      +/- 2.131e-05    (2.208%)
b               = -0.692905        +/- 3.382e-07    (4.881e-05%)

correlation matrix of the fit parameters:
                a      b      
a               1.000 
b              -0.990  1.000 


*******************************************************************************
Fri Jan 30 17:14:54 2026


FIT:    data read from 'results-cutoff.dat' u (1/$1):6
        format = x:z
        x range restricted to [* : 0.0200000]
        #datapoints = 16
        residuals are weighted equally (unit weight)

function used for fitting: f(x)
	f(x)=a*x+b
fitted parameters initialized with current variable values

iter      chisq       delta/lim  lambda   a             b            
   0 3.0727303247e+01   0.00e+00  4.90e-01    1.000000e-03   6.929000e-01
   8 5.3030160618e-13  -7.18e-03  4.90e-09    9.654280e-04  -6.929048e-01

After 8 iterations the fit converged.
final sum of squares of residuals : 5.30302e-13
rel. change during last iteration : -7.18341e-08

degrees of freedom    (FIT_NDF)                        : 14
rms of residuals      (FIT_STDFIT) = sqrt(WSSR/ndf)    : 1.94624e-07
variance of residuals (reduced chisquare) = WSSR/ndf   : 3.78787e-14

Final set of parameters            Asymptotic Standard Error
=======================            ==========================
a               = 0.000965428      +/- 2.131e-05    (2.208%)
b               = -0.692905        +/- 3.382e-07    (4.881e-05%)

correlation matrix of the fit parameters:
                a      b      
a               1.000 
b              -0.990  1.000 


*******************************************************************************
Fri Jan 30 17:16:05 2026


FIT:    data read from 'results-cutoff.dat' u (1/$1):6
        format = x:z
        x range restricted to [* : 0.0200000]
        #datapoints = 16
        residuals are weighted equally (unit weight)

function used for fitting: f(x)
	f(x)=a*x+b
fitted parameters initialized with current variable values

iter      chisq       delta/lim  lambda   a             b            
   0 3.0727303247e+01   0.00e+00  4.90e-01    1.000000e-03   6.929000e-01
   8 5.3030160618e-13  -7.18e-03  4.90e-09    9.654280e-04  -6.929048e-01

After 8 iterations the fit converged.
final sum of squares of residuals : 5.30302e-13
rel. change during last iteration : -7.18341e-08

degrees of freedom    (FIT_NDF)                        : 14
rms of residuals      (FIT_STDFIT) = sqrt(WSSR/ndf)    : 1.94624e-07
variance of residuals (reduced chisquare) = WSSR/ndf   : 3.78787e-14

Final set of parameters            Asymptotic Standard Error
=======================            ==========================
a               = 0.000965428      +/- 2.131e-05    (2.208%)
b               = -0.692905        +/- 3.382e-07    (4.881e-05%)

correlation matrix of the fit parameters:
                a      b      
a               1.000 
b              -0.990  1.000 


*******************************************************************************
Fri Jan 30 17:16:41 2026


FIT:    data read from 'results-cutoff.dat' u (1/$1):6
        format = x:z
        x range restricted to [* : 0.0200000]
        #datapoints = 16
        residuals are weighted equally (unit weight)

function used for fitting: f(x)
	f(x)=a*x+b
fitted parameters initialized with current variable values

iter      chisq       delta/lim  lambda   a             b            
   0 3.0727303247e+01   0.00e+00  4.90e-01    1.000000e-03   6.929000e-01
   8 5.3030160618e-13  -7.18e-03  4.90e-09    9.654280e-04  -6.929048e-01

After 8 iterations the fit converged.
final sum of squares of residuals : 5.30302e-13
rel. change during last iteration : -7.18341e-08

degrees of freedom    (FIT_NDF)                        : 14
rms of residuals      (FIT_STDFIT) = sqrt(WSSR/ndf)    : 1.94624e-07
variance of residuals (reduced chisquare) = WSSR/ndf   : 3.78787e-14

Final set of parameters            Asymptotic Standard Error
=======================            ==========================
a               = 0.000965428      +/- 2.131e-05    (2.208%)
b               = -0.692905        +/- 3.382e-07    (4.881e-05%)

correlation matrix of the fit parameters:
                a      b      
a               1.000 
b              -0.990  1.000 


*******************************************************************************
Fri Jan 30 17:16:59 2026


FIT:    data read from 'results-cutoff.dat' u (1/$1):6
        format = x:z
        x range restricted to [* : 0.0200000]
        #datapoints = 16
        residuals are weighted equally (unit weight)

function used for fitting: f(x)
	f(x)=a*x+b
fitted parameters initialized with current variable values

iter      chisq       delta/lim  lambda   a             b            
   0 3.0727303247e+01   0.00e+00  4.90e-01    1.000000e-03   6.929000e-01
   8 5.3030160618e-13  -7.18e-03  4.90e-09    9.654280e-04  -6.929048e-01

After 8 iterations the fit converged.
final sum of squares of residuals : 5.30302e-13
rel. change during last iteration : -7.18341e-08

degrees of freedom    (FIT_NDF)                        : 14
rms of residuals      (FIT_STDFIT) = sqrt(WSSR/ndf)    : 1.94624e-07
variance of residuals (reduced chisquare) = WSSR/ndf   : 3.78787e-14

Final set of parameters            Asymptotic Standard Error
=======================            ==========================
a               = 0.000965428      +/- 2.131e-05    (2.208%)
b               = -0.692905        +/- 3.382e-07    (4.881e-05%)

correlation matrix of the fit parameters:
                a      b      
a               1.000 
b              -0.990  1.000 


*******************************************************************************
Fri Jan 30 17:19:59 2026


FIT:    data read from 'results-cutoff.dat' u (1/$1):6
        format = x:z
        x range restricted to [* : 0.0200000]
        #datapoints = 16
        residuals are weighted equally (unit weight)

function used for fitting: f(x)
	f(x)=a*x+b
fitted parameters initialized with current variable values

iter      chisq       delta/lim  lambda   a             b            
   0 3.0727303247e+01   0.00e+00  4.90e-01    1.000000e-03   6.929000e-01
   8 5.3030160618e-13  -7.18e-03  4.90e-09    9.654280e-04  -6.929048e-01

After 8 iterations the fit converged.
final sum of squares of residuals : 5.30302e-13
rel. change during last iteration : -7.18341e-08

degrees of freedom    (FIT_NDF)                        : 14
rms of residuals      (FIT_STDFIT) = sqrt(WSSR/ndf)    : 1.94624e-07
variance of residuals (reduced chisquare) = WSSR/ndf   : 3.78787e-14

Final set of parameters            Asymptotic Standard Error
=======================            ==========================
a               = 0.000965428      +/- 2.131e-05    (2.208%)
b               = -0.692905        +/- 3.382e-07    (4.881e-05%)

correlation matrix of the fit parameters:
                a      b      
a               1.000 
b              -0.990  1.000 


*******************************************************************************
Fri Jan 30 17:20:06 2026


FIT:    data read from 'results-cutoff.dat' u (1/$1):6
        format = x:z
        x range restricted to [* : 0.0200000]
        #datapoints = 16
        residuals are weighted equally (unit weight)

function used for fitting: f(x)
	f(x)=a*x+b
fitted parameters initialized with current variable values

iter      chisq       delta/lim  lambda   a             b            
   0 3.0727303247e+01   0.00e+00  4.90e-01    1.000000e-03   6.929000e-01
   8 5.3030160618e-13  -7.18e-03  4.90e-09    9.654280e-04  -6.929048e-01

After 8 iterations the fit converged.
final sum of squares of residuals : 5.30302e-13
rel. change during last iteration : -7.18341e-08

degrees of freedom    (FIT_NDF)                        : 14
rms of residuals      (FIT_STDFIT) = sqrt(WSSR/ndf)    : 1.94624e-07
variance of residuals (reduced chisquare) = WSSR/ndf   : 3.78787e-14

Final set of parameters            Asymptotic Standard Error
=======================            ==========================
a               = 0.000965428      +/- 2.131e-05    (2.208%)
b               = -0.692905        +/- 3.382e-07    (4.881e-05%)

correlation matrix of the fit parameters:
                a      b      
a               1.000 
b              -0.990  1.000 


*******************************************************************************
Fri Jan 30 17:20:17 2026


FIT:    data read from 'results-cutoff.dat' u (1/$1):6
        format = x:z
        x range restricted to [* : 0.0200000]
        #datapoints = 16
        residuals are weighted equally (unit weight)

function used for fitting: f(x)
	f(x)=a*x+b
fitted parameters initialized with current variable values

iter      chisq       delta/lim  lambda   a             b            
   0 3.0727303247e+01   0.00e+00  4.90e-01    1.000000e-03   6.929000e-01
   8 5.3030160618e-13  -7.18e-03  4.90e-09    9.654280e-04  -6.929048e-01

After 8 iterations the fit converged.
final sum of squares of residuals : 5.30302e-13
rel. change during last iteration : -7.18341e-08

degrees of freedom    (FIT_NDF)                        : 14
rms of residuals      (FIT_STDFIT) = sqrt(WSSR/ndf)    : 1.94624e-07
variance of residuals (reduced chisquare) = WSSR/ndf   : 3.78787e-14

Final set of parameters            Asymptotic Standard Error
=======================            ==========================
a               = 0.000965428      +/- 2.131e-05    (2.208%)
b               = -0.692905        +/- 3.382e-07    (4.881e-05%)

correlation matrix of the fit parameters:
                a      b      
a               1.000 
b              -0.990  1.000 
